Turbo Assembler	 Version 3.1	    04/23/20 18:20:24	    Page 1
5.asm



      1					 ;Обеспечить выравнивание	строк текста	«по		    +
      2					 ширине»	за счет равномерной вставки			    +
      3					 дополнительных пробелов между словами.
      4	    0000				 .model	small
      5	    0000				 .stack	100h
      6						 .486
      7	    0000				 .data
      8
      9	    0000  32*(????)		 ptrs	 dw 50 dup(?)
     10	    0064  32*(??)		 lens	 db 50 dup(?)
     11	    0096  20 2C	3B 00		 delim	 db ' ',',',';',0
     12	    009A  49 6E	70 75 74 3A 20+	 msg1 db 'Input: file or keyboard (1/2)$'
     13		  66 69	6C 65 20 6F 72+
     14		  20 6B	65 79 62 6F 61+
     15		  72 64	20 28 31 2F 32+
     16		  29 24
     17	    00B8  45 6E	74 65 72 20 6C+	 msg11 db 'Enter line:$'
     18		  69 6E	65 3A 24
     19	    00C4  4F 75	74 70 75 74 3A+	 msg2 db 'Output: file or screen(1/2)$'
     20		  20 66	69 6C 65 20 6F+
     21		  72 20	73 63 72 65 65+
     22		  6E 28	31 2F 32 29 24
     23	    00E0  53 61	76 65 64 3A 24	 msg21 db 'Saved:$'
     24	    00E7  4D 61	78 20 6C 65 6E+	 maxlineerror db 'Max length of	string reached$'
     25		  67 74	68 20 6F 66 20+
     26		  73 74	72 69 6E 67 20+
     27		  72 65	61 63 68 65 64+
     28		  24
     29	    0104  49 6E	63 6F 72 72 65+	 error db 'Incorrect name of file$'
     30		  63 74	20 6E 61 6D 65+
     31		  20 6F	66 20 66 69 6C+
     32		  65 24
     33	    011B  45 6E	74 65 72 20 6E+	 msgfi db 'Enter name of file:$'
     34		  61 6D	65 20 6F 66 20+
     35		  66 69	6C 65 3A 24
     36	    012F  04 02*(00)		 ans1 db 4,2 dup(0)
     37	    0132  04 02*(00)		 ans2 db 4,2 dup(0)
     38	    0135  16 14*(00)		 fi db 22,20 dup (0)
     39	    014A  16 14*(00)		 fo db 22,20 dup (0)
     40	    015F  66 64*(00)		 string	db 102,100 dup (0)
     41	    01C4  64*(??)		 newstring db 100 dup(?)
     42	    0228  ??			 n		 db ?
     43	    0229  50			 max		 db	 80
     44
     45	    022A				 .code
     46	    0000  B8 0000s			 mov ax, @data
     47	    0003  8E D8				 mov ds, ax
     48	    0005  8E C0				 mov es, ax
     49	    0007  FC				 cld
     50	    0008			 dg1:
     51	    0008  B4 09				 mov ah, 9
     52	    000A  BA 009Ar			 lea dx, msg1
     53	    000D  CD 21				 int 21h
     54	    000F  BA 012Fr			 lea dx, ans1
     55	    0012  B4 0A				 mov ah, 0ah
     56	    0014  CD 21				 int 21h
     57	    0016  E8 01B3			 call newline
Turbo Assembler	 Version 3.1	    04/23/20 18:20:24	    Page 2
5.asm



     58
     59	    0019  BF 012Fr			 lea di, ans1
     60	    001C  8A 5D	02			 mov bl, [di+2]
     61	    001F  80 FB	32			 cmp bl, '2'
     62	    0022  74 5A				 je short dg2
     63	    0024  80 FB	31			 cmp bl, '1'
     64	    0027  75 DF				 jne dg1
     65						 ;значит выбрал файл
     66
     67	    0029  B4 09				 mov ah, 9
     68	    002B  BA 011Br			 lea dx, msgfi
     69	    002E  CD 21				 int 21h
     70	    0030  BA 0135r			 lea dx, fi
     71	    0033  B4 0A				 mov ah, 0ah
     72	    0035  CD 21				 int 21h
     73	    0037  E8 0192			 call newline ;	Ввели имя файла
     74						 ;Нужно почистить	первые два символа считанные
     75
     76	    003A  BF 0135r			 lea di, fi
     77	    003D  8A 5D	01			 mov bl, [di+1]
     78	    0040  8B CB				 mov cx, bx
     79	    0042			 l:
     80	    0042  8A 5D	02			 mov bl, byte ptr [di+2]
     81	    0045  88 1D				 mov byte ptr [di], bl
     82	    0047  47				 inc di
     83	    0048  E2 F8				 loop l
     84
     85	    004A  C6 05	00			 mov byte ptr [di], 0
     86	    004D  C6 45	01 00		     mov byte ptr [di +	1], 0
     87	    0051  C6 45	02 00		     mov byte ptr [di +	2], 0
     88
     89	    0055  33 D2			     xor dx, dx
     90	    0057  B0 02			     mov al, 2;	запись и	чтение
     91	    0059  B4 3D			     mov ah, 3dh
     92	    005B  BA 0135r		     lea dx, fi
     93	    005E  CD 21			     int 21h
     94
     95	    0060  72 41			     jc	short exitmsg
     96
     97	    0062  8B D8			     mov bx, ax
     98	    0064  33 C0			     xor ax, ax
     99	    0066  BA 015Fr		     lea dx, string
    100	    0069  33 C9			     xor cx, cx
    101	    006B  8A 0E	0229r		     mov cl, max
    102	    006F  B4 3F			     mov ah, 3fh
    103	    0071  CD 21			     int 21h
    104
    105	    0073  72 2E			     jc	short exitmsg
    106	    0075  B4 3E			     mov ah, 3eh
    107	    0077  CD 21			     int 21h; закрыли файл
    108	    0079  BE 015Fr		     lea si, string
    109	    007C  EB 1E			     jmp short dg3
    110
    111	    007E			 dg2: ;с клавиатуры ввод
    112	    007E  B4 09				 mov ah, 9
    113	    0080  BA 00B8r			 lea dx, msg11
    114	    0083  CD 21				 int 21h
Turbo Assembler	 Version 3.1	    04/23/20 18:20:24	    Page 3
5.asm



    115	    0085  E8 0144			 call newline
    116	    0088  BA 015Fr			 lea dx, string
    117	    008B  B4 0A				 mov ah, 0ah
    118	    008D  CD 21				 int 21h
    119	    008F  BF 015Fr			 lea di, string
    120	    0092  8A 5D	01			 mov bl, [di+1]
    121	    0095  C6 41	02 00			 mov byte ptr [di+bx+2], 0
    122	    0099  BE 0161r			 lea si, string[2]
    123	    009C			 dg3:
    124						 ;lea si, string
    125	    009C  BF 0096r			 lea di, delim
    126	    009F  33 DB				 xor bx, bx
    127	    00A1  EB 03				 jmp short m1
    128	    00A3			 exitmsg:
    129	    00A3  E9 011A			 jmp exiterror
    130	    00A6  E8 0132		 m1:	 call space
    131	    00A9  80 3C	00			 cmp byte ptr [si],0
    132	    00AC  74 1B				 je short m2
    133	    00AE  D1 E3				 shl bx,1
    134	    00B0  89 B7	0000r			 mov ptrs[bx],si
    135	    00B4  D1 EB				 shr bx,1
    136	    00B6  8B CE				 mov cx,si
    137	    00B8  E8 0141			 call words
    138	    00BB  2B CE				 sub cx,si
    139	    00BD  F7 D9				 neg cx;
    140	    00BF  88 8F	0064r			 mov lens[bx],cl
    141	    00C3  43				 inc bx
    142	    00C4  80 3C	00			 cmp byte ptr [si],0
    143	    00C7  75 DD				 jne short m1
    144	    00C9  88 1E	0228r		 m2:	 mov n,	bl
    145	    00CD  FE CB				 dec bl
    146	    00CF  8A 0E	0228r			 mov cl, n
    147	    00D3  BE 0064r			 lea si, lens
    148	    00D6  AC			 m3:	 lodsb
    149	    00D7  02 D8				 add bl, al
    150	    00D9  E2 FB				 loop m3
    151	    00DB  3A 1E	0229r			 cmp bl,max
    152	    00DF  7E 03				 jle short m4
    153	    00E1  E9 00D3			 jmp maxline
    154	    00E4  2A 1E	0228r		 m4:	 sub bl, n
    155	    00E8  FE C3				 inc bl
    156	    00EA  2A 1E	0229r			 sub bl, max
    157	    00EE  F6 DB				 neg bl
    158	    00F0  33 C0				 xor ax, ax
    159	    00F2  8A C3				 mov al, bl
    160	    00F4  8A 1E	0228r			 mov bl, n
    161	    00F8  FE CB				 dec bl
    162	    00FA  F6 F3				 div bl
    163	    00FC  8B D0				 mov dx, ax
    164	    00FE  8A 0E	0228r			 mov cl, n
    165	    0102  33 DB				 xor bx, bx
    166	    0104  BF 01C4r			 lea di, newstring
    167	    0107  51			 m5: push cx
    168	    0108  0B DB				 or bx,	bx
    169	    010A  74 0E				 je short m6
    170	    010C  8A CA				 mov cl, dl
    171	    010E  B0 20				 mov al, ' '
Turbo Assembler	 Version 3.1	    04/23/20 18:20:24	    Page 4
5.asm



    172	    0110  F3> AA			 rep stosb
    173	    0112  80 FE	00			 cmp dh, 0
    174	    0115  74 03				 je short m6
    175	    0117  AA				 stosb
    176	    0118  FE CE				 dec dh
    177	    011A  D1 E3			 m6:	 shl bx,1
    178	    011C  8B B7	0000r			 mov si,ptrs[bx]
    179	    0120  D1 EB				 shr bx,1
    180	    0122  8A 8F	0064r			 mov cl,lens[bx]
    181	    0126  32 ED				 xor ch,ch
    182	    0128  F3> A4			 rep movsb
    183	    012A  43				 inc bx
    184	    012B  59				 pop cx
    185	    012C  E2 D9				 loop m5
    186	    012E  32 C0				 xor al,al
    187	    0130  B0 24				 mov al, '$'
    188	    0132  AA				 stosb
    189
    190	    0133			 dg21:
    191	    0133  E8 0096			 call newline
    192	    0136  B4 09				 mov ah, 9
    193	    0138  BA 00C4r			 lea dx, msg2
    194	    013B  CD 21				 int 21h
    195	    013D  BA 0132r			 lea dx, ans2
    196	    0140  B4 0A				 mov ah, 0ah
    197	    0142  CD 21				 int 21h
    198	    0144  E8 0085			 call newline
    199	    0147  BF 0132r			 lea di,  ans2
    200	    014A  8A 5D	02			 mov bl, [di+2]
    201
    202	    014D  80 FB	32			 cmp bl, '2'
    203	    0150  74 59				 je short dg22
    204	    0152  80 FB	31			 cmp bl, '1'
    205	    0155  75 DC				 jne dg21
    206
    207						 ;Выбрали файл
    208	    0157  B4 09				 mov ah, 9
    209	    0159  BA 011Br			 lea dx, msgfi
    210	    015C  CD 21				 int 21h
    211	    015E  BA 014Ar			 lea dx, fo
    212	    0161  B4 0A				 mov ah, 0ah
    213	    0163  CD 21				 int 21h
    214	    0165  E8 0064			 call newline
    215
    216	    0168  BF 014Ar		     lea di, fo
    217	    016B  8A 5D	01		     mov bl,[di+1]
    218	    016E  8B CB			     mov cx, bx
    219	    0170			 l1:
    220	    0170  8A 5D	02		     mov bl, byte ptr [di+2]
    221	    0173  88 1D			     mov byte ptr [di],	bl
    222	    0175  47			     inc di
    223	    0176  E2 F8			     loop l1
    224
    225	    0178  C6 05	00		     mov byte ptr [di],	0
    226	    017B  C6 45	01 00		     mov byte ptr [di +	1], 0
    227	    017F  C6 45	02 00		     mov byte ptr [di +	2], 0
    228
Turbo Assembler	 Version 3.1	    04/23/20 18:20:24	    Page 5
5.asm



    229	    0183  33 D2			     xor dx, dx
    230	    0185  B0 02			     mov al, 2
    231	    0187  B4 3D			     mov ah, 3dh
    232	    0189  BA 014Ar		     lea dx, fo
    233	    018C  CD 21			     int 21h
    234	    018E  72 30			     jc	short exiterror
    235
    236	    0190  8B D8			     mov bx, ax
    237	    0192  B4 40			     mov ah, 40h
    238	    0194  33 C9			     xor cx, cx
    239	    0196  8A 0E	0229r		     mov cl, max
    240	    019A  BA 01C4r		     lea dx, newstring
    241	    019D  CD 21			     int 21h
    242
    243	    019F  72 1F			     jc	short exiterror
    244
    245	    01A1  E8 0028		     call newline
    246	    01A4  B4 09			     mov ah, 9
    247	    01A6  BA 00E0r		     lea dx, msg21
    248	    01A9  CD 21			     int 21h
    249
    250	    01AB			 dg22:
    251	    01AB  E8 001E			 call newline
    252	    01AE  B4 09				 mov ah, 9
    253	    01B0  BA 01C4r			 lea dx, newstring
    254	    01B3  CD 21				 int 21h
    255	    01B5  EB 10				 jmp short exit
    256	    01B7			 maxline:
    257	    01B7  B4 09				 mov ah, 9
    258	    01B9  BA 00E7r			 lea dx, maxlineerror
    259	    01BC  CD 21				 int 21h
    260	    01BE  EB 07				 jmp short exit
    261
    262	    01C0			 exiterror:
    263	    01C0  B4 09				 mov ah, 9
    264	    01C2  BA 0104r			 lea dx, error
    265	    01C5  CD 21				 int 21h
    266	    01C7			 exit:
    267	    01C7  B8 4C00			 mov ax, 4c00h
    268	    01CA  CD 21				 int 21h
    269
    270	    01CC			 newline proc
    271	    01CC  50			     push ax
    272	    01CD  B4 0E			     mov ah, 0eH ; вывод символа al	в консоль
    273	    01CF  B0 0D			     mov al, 0dh
    274	    01D1  CD 10			     int 10h
    275	    01D3  B4 0E			     mov ah, 0eh
    276	    01D5  B0 0A			     mov al, 0ah
    277	    01D7  CD 10			     int 10h
    278	    01D9  58			     pop ax
    279	    01DA  C3			     ret
    280	    01DB			 endp
    281
    282	    01DB			 space	 proc
    283						 locals	@@
    284	    01DB  50				 push ax
    285	    01DC  51				 push cx
Turbo Assembler	 Version 3.1	    04/23/20 18:20:24	    Page 6
5.asm



    286	    01DD  57				 push di
    287	    01DE  33 C0				 xor ax, ax
    288	    01E0  B9 FFFF			 mov cx,65535
    289	    01E3  F2> AE			 repne scasb
    290	    01E5  F7 D9				 neg cx
    291	    01E7  49				 dec cx
    292	    01E8  51				 push cx
    293	    01E9  59			 @@m1:	 pop cx
    294	    01EA  5F				 pop di
    295	    01EB  57				 push di
    296	    01EC  51				 push cx
    297	    01ED  AC				 lodsb
    298	    01EE  F2> AE			 repne scasb
    299	    01F0  E3 02				 jcxz @@m2
    300	    01F2  EB F5				 jmp @@m1
    301	    01F4  4E			 @@m2:	 dec si
    302	    01F5  83 C4	02			 add sp,2
    303	    01F8  5F				 pop di
    304	    01F9  59				 pop cx
    305	    01FA  58				 pop ax
    306	    01FB  C3				 ret
    307	    01FC				 endp
    308	    01FC			 words	 proc
    309						 locals	@@
    310	    01FC  50				 push ax
    311	    01FD  51				 push cx
    312	    01FE  57				 push di
    313	    01FF  32 C0				 xor al,al
    314	    0201  B9 FFFF			 mov cx,65535
    315	    0204  F2> AE			 repne scasb
    316	    0206  F7 D9				 neg cx
    317	    0208  51				 push cx
    318	    0209  59			 @@m:	 pop cx
    319	    020A  5F				 pop di
    320	    020B  57				 push di
    321	    020C  51				 push cx
    322	    020D  AC				 lodsb
    323	    020E  F2> AE			 repne scasb
    324	    0210  E3 F7				 jcxz @@m
    325	    0212  4E				 dec si
    326	    0213  83 C4	02			 add sp,2
    327	    0216  5F				 pop di
    328	    0217  59				 pop cx
    329	    0218  58				 pop ax
    330	    0219  C3				 ret
    331	    021A				 endp
    332						 end
Turbo Assembler	 Version 3.1	    04/23/20 18:20:24	    Page 7
Symbol Table




Symbol Name			  Type	 Value

??DATE				  Text	 "04/23/20"
??FILENAME			  Text	 "5	  "
??TIME				  Text	 "18:20:24"
??VERSION			  Number 030A
@32BIT				  Text	 0
@@M				  Near	 _TEXT:0209
@@M1				  Near	 _TEXT:01E9
@@M2				  Near	 _TEXT:01F4
@CODE				  Text	 _TEXT
@CODESIZE			  Text	 0
@CPU				  Text	 1F1FH
@CURSEG				  Text	 _TEXT
@DATA				  Text	 DGROUP
@DATASIZE			  Text	 0
@FILENAME			  Text	 5
@INTERFACE			  Text	 00H
@MODEL				  Text	 2
@STACK				  Text	 DGROUP
@WORDSIZE			  Text	 2
ANS1				  Byte	 DGROUP:012F
ANS2				  Byte	 DGROUP:0132
DELIM				  Byte	 DGROUP:0096
DG1				  Near	 _TEXT:0008
DG2				  Near	 _TEXT:007E
DG21				  Near	 _TEXT:0133
DG22				  Near	 _TEXT:01AB
DG3				  Near	 _TEXT:009C
ERROR				  Byte	 DGROUP:0104
EXIT				  Near	 _TEXT:01C7
EXITERROR			  Near	 _TEXT:01C0
EXITMSG				  Near	 _TEXT:00A3
FI				  Byte	 DGROUP:0135
FO				  Byte	 DGROUP:014A
L				  Near	 _TEXT:0042
L1				  Near	 _TEXT:0170
LENS				  Byte	 DGROUP:0064
M1				  Near	 _TEXT:00A6
M2				  Near	 _TEXT:00C9
M3				  Near	 _TEXT:00D6
M4				  Near	 _TEXT:00E4
M5				  Near	 _TEXT:0107
M6				  Near	 _TEXT:011A
MAX				  Byte	 DGROUP:0229
MAXLINE				  Near	 _TEXT:01B7
MAXLINEERROR			  Byte	 DGROUP:00E7
MSG1				  Byte	 DGROUP:009A
MSG11				  Byte	 DGROUP:00B8
MSG2				  Byte	 DGROUP:00C4
MSG21				  Byte	 DGROUP:00E0
MSGFI				  Byte	 DGROUP:011B
N				  Byte	 DGROUP:0228
NEWLINE				  Near	 _TEXT:01CC
NEWSTRING			  Byte	 DGROUP:01C4
PTRS				  Word	 DGROUP:0000
Turbo Assembler	 Version 3.1	    04/23/20 18:20:24	    Page 8
Symbol Table



SPACE				  Near	 _TEXT:01DB
STRING				  Byte	 DGROUP:015F
WORDS				  Near	 _TEXT:01FC

Groups & Segments		  Bit Size Align  Combine Class

DGROUP				  Group
  STACK				  16  0100 Para	  Stack	  STACK
  _DATA				  16  022A Word	  Public  DATA
_TEXT				  16  021A Word	  Public  CODE
